<?xml version="1.0" encoding="UTF-8"?>
<testsuite xmlns:xsi="http://www.w3.org/2001/XMLSchema-instance" xsi:noNamespaceSchemaLocation="https://maven.apache.org/surefire/maven-surefire-plugin/xsd/surefire-test-report.xsd" version="3.0.2" name="com.firstclub.membership.service.SubscriptionConcurrencyTest" time="0.07" tests="1" errors="0" skipped="0" failures="0">
  <properties>
[...]
</properties>
  <testcase name="concurrentTierChangesStayConsistentWithoutLostUpdates" classname="com.firstclub.membership.service.SubscriptionConcurrencyTest" time="0.066">
    <system-out><![CDATA[2026-06-10T01:07:07.759+05:30  INFO 69340 --- [membership-program] [           main] t.c.s.AnnotationConfigContextLoaderUtils : Could not detect default configuration classes for test class [com.firstclub.membership.service.SubscriptionConcurrencyTest]: SubscriptionConcurrencyTest does not declare any static, non-private, non-final, nested classes annotated with @Configuration.
2026-06-10T01:07:07.760+05:30  INFO 69340 --- [membership-program] [           main] .b.t.c.SpringBootTestContextBootstrapper : Found @SpringBootConfiguration com.firstclub.membership.MembershipProgramApplication for test class com.firstclub.membership.service.SubscriptionConcurrencyTest
]]></system-out>
  </testcase>
</testsuite>