<?xml version="1.0" encoding="UTF-8"?>
<testsuite xmlns:xsi="http://www.w3.org/2001/XMLSchema-instance" xsi:noNamespaceSchemaLocation="https://maven.apache.org/surefire/maven-surefire-plugin/xsd/surefire-test-report.xsd" version="3.0.2" name="com.firstclub.membership.service.SubscriptionServiceIntegrationTest" time="3.496" tests="6" errors="0" skipped="0" failures="0">
  <properties>
[...]
</properties>
  <testcase name="downgradeAndCancelLifecycle" classname="com.firstclub.membership.service.SubscriptionServiceIntegrationTest" time="0.473">
    <system-out><![CDATA[01:07:04.338 [main] INFO org.springframework.test.context.support.AnnotationConfigContextLoaderUtils -- Could not detect default configuration classes for test class [com.firstclub.membership.service.SubscriptionServiceIntegrationTest]: SubscriptionServiceIntegrationTest does not declare any static, non-private, non-final, nested classes annotated with @Configuration.
01:07:04.430 [main] INFO org.springframework.boot.test.context.SpringBootTestContextBootstrapper -- Found @SpringBootConfiguration com.firstclub.membership.MembershipProgramApplication for test class com.firstclub.membership.service.SubscriptionServiceIntegrationTest

  .   ____          _            __ _ _
 /\\ / ___'_ __ _ _(_)_ __  __ _ \ \ \ \
( ( )\___ | '_ | '_| | '_ \/ _` | \ \ \ \
 \\/  ___)| |_)| | | | | || (_| |  ) ) ) )
  '  |____| .__|_| |_|_| |_\__, | / / / /
 =========|_|==============|___/=/_/_/_/

 :: Spring Boot ::               (v3.4.13)

2026-06-10T01:07:04.649+05:30  INFO 69340 --- [membership-program] [           main] f.m.s.SubscriptionServiceIntegrationTest : Starting SubscriptionServiceIntegrationTest using Java 21.0.11 with PID 69340 (started by abhisgg in /Users/abhisgg/Downloads/firstClub-membership-program)
2026-06-10T01:07:04.649+05:30  INFO 69340 --- [membership-program] [           main] f.m.s.SubscriptionServiceIntegrationTest : No active profile set, falling back to 1 default profile: "default"
2026-06-10T01:07:05.036+05:30  INFO 69340 --- [membership-program] [           main] .s.d.r.c.RepositoryConfigurationDelegate : Bootstrapping Spring Data JPA repositories in DEFAULT mode.
2026-06-10T01:07:05.115+05:30  INFO 69340 --- [membership-program] [           main] .s.d.r.c.RepositoryConfigurationDelegate : Finished Spring Data repository scanning in 68 ms. Found 5 JPA repository interfaces.
2026-06-10T01:07:05.354+05:30  INFO 69340 --- [membership-program] [           main] o.hibernate.jpa.internal.util.LogHelper  : HHH000204: Processing PersistenceUnitInfo [name: default]
2026-06-10T01:07:05.394+05:30  INFO 69340 --- [membership-program] [           main] org.hibernate.Version                    : HHH000412: Hibernate ORM core version 6.6.39.Final
2026-06-10T01:07:05.410+05:30  INFO 69340 --- [membership-program] [           main] o.h.c.internal.RegionFactoryInitiator    : HHH000026: Second-level cache disabled
2026-06-10T01:07:05.559+05:30  INFO 69340 --- [membership-program] [           main] o.s.o.j.p.SpringPersistenceUnitInfo      : No LoadTimeWeaver setup: ignoring JPA class transformer
2026-06-10T01:07:05.575+05:30  INFO 69340 --- [membership-program] [           main] com.zaxxer.hikari.HikariDataSource       : HikariPool-1 - Starting...
2026-06-10T01:07:05.670+05:30  INFO 69340 --- [membership-program] [           main] com.zaxxer.hikari.pool.HikariPool        : HikariPool-1 - Added connection conn0: url=jdbc:h2:mem:membershipdb user=SA
2026-06-10T01:07:05.671+05:30  INFO 69340 --- [membership-program] [           main] com.zaxxer.hikari.HikariDataSource       : HikariPool-1 - Start completed.
2026-06-10T01:07:05.702+05:30  INFO 69340 --- [membership-program] [           main] org.hibernate.orm.connections.pooling    : HHH10001005: Database info:
	Database JDBC URL [Connecting through datasource 'HikariDataSource (HikariPool-1)']
	Database driver: undefined/unknown
	Database version: 2.3.232
	Autocommit mode: undefined/unknown
	Isolation level: undefined/unknown
	Minimum pool size: undefined/unknown
	Maximum pool size: undefined/unknown
2026-06-10T01:07:06.197+05:30  INFO 69340 --- [membership-program] [           main] o.h.e.t.j.p.i.JtaPlatformInitiator       : HHH000489: No JTA platform available (set 'hibernate.transaction.jta.platform' to enable JTA platform integration)
2026-06-10T01:07:06.228+05:30  INFO 69340 --- [membership-program] [           main] j.LocalContainerEntityManagerFactoryBean : Initialized JPA EntityManagerFactory for persistence unit 'default'
2026-06-10T01:07:06.424+05:30  INFO 69340 --- [membership-program] [           main] o.s.d.j.r.query.QueryEnhancerFactory     : Hibernate is in classpath; If applicable, HQL parser will be used.
2026-06-10T01:07:06.915+05:30  INFO 69340 --- [membership-program] [           main] o.s.b.a.w.s.WelcomePageHandlerMapping    : Adding welcome page: class path resource [static/index.html]
2026-06-10T01:07:07.064+05:30  INFO 69340 --- [membership-program] [           main] o.s.b.a.h2.H2ConsoleAutoConfiguration    : H2 console available at '/h2-console'. Database available at 'jdbc:h2:mem:membershipdb'
2026-06-10T01:07:07.094+05:30  INFO 69340 --- [membership-program] [           main] f.m.s.SubscriptionServiceIntegrationTest : Started SubscriptionServiceIntegrationTest in 2.594 seconds (process running for 3.207)
2026-06-10T01:07:07.182+05:30  INFO 69340 --- [membership-program] [           main] c.f.membership.config.DemoDataSeeder     : Demo data seeded: 3 plans, 3 tiers, 2 users
]]></system-out>
    <system-err><![CDATA[Mockito is currently self-attaching to enable the inline-mock-maker. This will no longer work in future releases of the JDK. Please add Mockito as an agent to your build what is described in Mockito's documentation: https://javadoc.io/doc/org.mockito/mockito-core/latest/org/mockito/Mockito.html#0.3
WARNING: A Java agent has been loaded dynamically (/Users/abhisgg/.m2/repository/net/bytebuddy/byte-buddy-agent/1.15.11/byte-buddy-agent-1.15.11.jar)
WARNING: If a serviceability tool is in use, please run with -XX:+EnableDynamicAgentLoading to hide this warning
WARNING: If a serviceability tool is not in use, please run with -Djdk.instrument.traceUsage for more information
WARNING: Dynamic loading of agents will be disallowed by default in a future release
]]></system-err>
  </testcase>
  <testcase name="cannotSubscribeToTierUserIsNotEligibleFor" classname="com.firstclub.membership.service.SubscriptionServiceIntegrationTest" time="0.014"/>
  <testcase name="subscribeIsIdempotentWithKey" classname="com.firstclub.membership.service.SubscriptionServiceIntegrationTest" time="0.02"/>
  <testcase name="cannotSubscribeTwiceWhileActive" classname="com.firstclub.membership.service.SubscriptionServiceIntegrationTest" time="0.019"/>
  <testcase name="upgradeAfterPlacingEnoughOrders" classname="com.firstclub.membership.service.SubscriptionServiceIntegrationTest" time="0.023"/>
  <testcase name="subscribeDefaultsToBaseTierForNewUser" classname="com.firstclub.membership.service.SubscriptionServiceIntegrationTest" time="0.014"/>
</testsuite>